<?xml version="1.0" encoding="UTF-8"?>
<!-- Generated by org.testng.reporters.JUnitReportReporter -->
<testsuite hostname="LAPTOP-2KSQGHOC" failures="0" tests="1" name="apiTests.LoginUserTest" time="3.328" errors="0" timestamp="2025-03-11T21:26:24 IST" skipped="0">
  <testcase classname="apiTests.LoginUserTest" name="testLoginUser" time="3.328"/>
  <system-out/>
</testsuite> <!-- apiTests.LoginUserTest -->
