<?xml version="1.0" encoding="UTF-8"?>
<!-- Generated by org.testng.reporters.JUnitReportReporter -->
<testsuite hostname="LAPTOP-2KSQGHOC" failures="0" tests="1" name="apiTests.LogoutUserTest" time="1.223" errors="0" timestamp="2025-03-11T23:02:46 IST" skipped="0">
  <testcase classname="apiTests.LogoutUserTest" name="testLogoutUser" time="1.223"/>
  <system-out/>
</testsuite> <!-- apiTests.LogoutUserTest -->
